<?xml version="1.0" encoding="UTF-8"?>
<coverage generated="1780108704013" clover="3.2.0">
  <project timestamp="1780108704013" name="All files">
    <metrics statements="28" coveredstatements="12" conditionals="26" coveredconditionals="10" methods="8" coveredmethods="6" elements="62" coveredelements="28" complexity="0" loc="28" ncloc="28" packages="1" files="3" classes="3"/>
    <file name="checkinLogica.js" path="C:\Users\Hp\Videos\Taller\HotelGit\TallerDiseno2\src\logica\checkinLogica.js">
      <metrics statements="7" coveredstatements="0" conditionals="6" coveredconditionals="0" methods="1" coveredmethods="0"/>
      <line num="2" count="0" type="cond" truecount="0" falsecount="2"/>
      <line num="3" count="0" type="stmt"/>
      <line num="6" count="0" type="cond" truecount="0" falsecount="2"/>
      <line num="7" count="0" type="stmt"/>
      <line num="10" count="0" type="cond" truecount="0" falsecount="2"/>
      <line num="11" count="0" type="stmt"/>
      <line num="14" count="0" type="stmt"/>
    </file>
    <file name="huespedLogica.js" path="C:\Users\Hp\Videos\Taller\HotelGit\TallerDiseno2\src\logica\huespedLogica.js">
      <metrics statements="7" coveredstatements="2" conditionals="6" coveredconditionals="0" methods="3" coveredmethods="2"/>
      <line num="2" count="0" type="cond" truecount="0" falsecount="2"/>
      <line num="3" count="0" type="stmt"/>
      <line num="6" count="0" type="cond" truecount="0" falsecount="4"/>
      <line num="7" count="0" type="stmt"/>
      <line num="10" count="0" type="stmt"/>
      <line num="14" count="1" type="stmt"/>
      <line num="15" count="1" type="stmt"/>
    </file>
    <file name="reservaLogica.js" path="C:\Users\Hp\Videos\Taller\HotelGit\TallerDiseno2\src\logica\reservaLogica.js">
      <metrics statements="14" coveredstatements="10" conditionals="14" coveredconditionals="10" methods="4" coveredmethods="4"/>
      <line num="2" count="1" type="cond" truecount="3" falsecount="1"/>
      <line num="3" count="0" type="stmt"/>
      <line num="6" count="1" type="stmt"/>
      <line num="7" count="1" type="stmt"/>
      <line num="9" count="1" type="stmt"/>
      <line num="13" count="1" type="cond" truecount="3" falsecount="1"/>
      <line num="14" count="0" type="stmt"/>
      <line num="17" count="1" type="stmt"/>
      <line num="21" count="1" type="stmt"/>
      <line num="22" count="1" type="cond" truecount="1" falsecount="1"/>
      <line num="23" count="0" type="stmt"/>
      <line num="26" count="1" type="cond" truecount="1" falsecount="1"/>
      <line num="27" count="0" type="stmt"/>
      <line num="30" count="1" type="stmt"/>
    </file>
  </project>
</coverage>
