<?xml version="1.0" encoding="UTF-8"?>
<coverage generated="1781870823450" clover="3.2.0">
  <project timestamp="1781870823451" name="All files">
    <metrics statements="42" coveredstatements="23" conditionals="29" coveredconditionals="12" methods="18" coveredmethods="13" elements="89" coveredelements="48" complexity="0" loc="42" ncloc="42" packages="1" files="4" classes="4"/>
    <file name="checkinLogica.js" path="C:\Users\Hp\Videos\Taller\HotelGit\TallerDiseno2\src\logica\checkinLogica.js">
      <metrics statements="8" coveredstatements="1" conditionals="7" coveredconditionals="0" methods="2" coveredmethods="1"/>
      <line num="4" count="0" type="cond" truecount="0" falsecount="2"/>
      <line num="5" count="0" type="stmt"/>
      <line num="8" count="0" type="cond" truecount="0" falsecount="2"/>
      <line num="9" count="0" type="stmt"/>
      <line num="12" count="0" type="cond" truecount="0" falsecount="2"/>
      <line num="13" count="0" type="stmt"/>
      <line num="16" count="0" type="stmt"/>
      <line num="20" count="1" type="stmt"/>
    </file>
    <file name="estadoReserva.js" path="C:\Users\Hp\Videos\Taller\HotelGit\TallerDiseno2\src\logica\estadoReserva.js">
      <metrics statements="1" coveredstatements="1" conditionals="0" coveredconditionals="0" methods="0" coveredmethods="0"/>
      <line num="1" count="6" type="stmt"/>
    </file>
    <file name="huespedLogica.js" path="C:\Users\Hp\Videos\Taller\HotelGit\TallerDiseno2\src\logica\huespedLogica.js">
      <metrics statements="7" coveredstatements="2" conditionals="6" coveredconditionals="0" methods="3" coveredmethods="2"/>
      <line num="2" count="0" type="cond" truecount="0" falsecount="2"/>
      <line num="3" count="0" type="stmt"/>
      <line num="6" count="0" type="cond" truecount="0" falsecount="4"/>
      <line num="7" count="0" type="stmt"/>
      <line num="10" count="0" type="stmt"/>
      <line num="14" count="1" type="stmt"/>
      <line num="15" count="1" type="stmt"/>
    </file>
    <file name="reservaLogica.js" path="C:\Users\Hp\Videos\Taller\HotelGit\TallerDiseno2\src\logica\reservaLogica.js">
      <metrics statements="26" coveredstatements="19" conditionals="16" coveredconditionals="12" methods="13" coveredmethods="10"/>
      <line num="4" count="1" type="cond" truecount="3" falsecount="1"/>
      <line num="5" count="0" type="stmt"/>
      <line num="8" count="1" type="stmt"/>
      <line num="9" count="1" type="stmt"/>
      <line num="11" count="1" type="stmt"/>
      <line num="15" count="1" type="cond" truecount="3" falsecount="1"/>
      <line num="16" count="0" type="stmt"/>
      <line num="19" count="1" type="stmt"/>
      <line num="23" count="1" type="stmt"/>
      <line num="24" count="1" type="cond" truecount="1" falsecount="1"/>
      <line num="25" count="0" type="stmt"/>
      <line num="28" count="1" type="cond" truecount="1" falsecount="1"/>
      <line num="29" count="0" type="stmt"/>
      <line num="32" count="1" type="stmt"/>
      <line num="40" count="0" type="stmt"/>
      <line num="54" count="4" type="stmt"/>
      <line num="55" count="4" type="stmt"/>
      <line num="57" count="4" type="cond" truecount="2" falsecount="0"/>
      <line num="61" count="1" type="stmt"/>
      <line num="65" count="1" type="stmt"/>
      <line num="67" count="1" type="stmt"/>
      <line num="68" count="4" type="stmt"/>
      <line num="73" count="1" type="stmt"/>
      <line num="75" count="2" type="stmt"/>
      <line num="80" count="0" type="stmt"/>
      <line num="82" count="0" type="stmt"/>
    </file>
  </project>
</coverage>
