{"C:\\Users\\Hp\\Videos\\Taller\\HotelGit\\TallerDiseno2\\src\\App.jsx": {"path":"C:\\Users\\Hp\\Videos\\Taller\\HotelGit\\TallerDiseno2\\src\\App.jsx","statementMap":{"0":{"start":{"line":18,"column":28},"end":{"line":18,"column":46}},"1":{"start":{"line":20,"column":28},"end":{"line":20,"column":40}},"2":{"start":{"line":21,"column":42},"end":{"line":21,"column":54}},"3":{"start":{"line":22,"column":36},"end":{"line":22,"column":70}},"4":{"start":{"line":23,"column":36},"end":{"line":23,"column":48}},"5":{"start":{"line":24,"column":34},"end":{"line":24,"column":46}},"6":{"start":{"line":26,"column":2},"end":{"line":32,"column":9}},"7":{"start":{"line":27,"column":4},"end":{"line":27,"column":21}},"8":{"start":{"line":28,"column":4},"end":{"line":28,"column":17}},"9":{"start":{"line":29,"column":4},"end":{"line":29,"column":24}},"10":{"start":{"line":30,"column":4},"end":{"line":30,"column":20}},"11":{"start":{"line":31,"column":4},"end":{"line":31,"column":21}},"12":{"start":{"line":34,"column":25},"end":{"line":44,"column":3}},"13":{"start":{"line":35,"column":28},"end":{"line":37,"column":18}},"14":{"start":{"line":39,"column":6},"end":{"line":43,"column":7}},"15":{"start":{"line":40,"column":8},"end":{"line":40,"column":37}},"16":{"start":{"line":42,"column":8},"end":{"line":42,"column":45}},"17":{"start":{"line":46,"column":21},"end":{"line":57,"column":3}},"18":{"start":{"line":47,"column":28},"end":{"line":49,"column":18}},"19":{"start":{"line":51,"column":6},"end":{"line":56,"column":7}},"20":{"start":{"line":52,"column":8},"end":{"line":52,"column":37}},"21":{"start":{"line":54,"column":8},"end":{"line":54,"column":37}},"22":{"start":{"line":55,"column":8},"end":{"line":55,"column":59}},"23":{"start":{"line":59,"column":28},"end":{"line":70,"column":3}},"24":{"start":{"line":60,"column":28},"end":{"line":62,"column":18}},"25":{"start":{"line":64,"column":6},"end":{"line":69,"column":7}},"26":{"start":{"line":65,"column":8},"end":{"line":65,"column":37}},"27":{"start":{"line":67,"column":8},"end":{"line":67,"column":60}},"28":{"start":{"line":68,"column":8},"end":{"line":68,"column":52}},"29":{"start":{"line":72,"column":24},"end":{"line":83,"column":3}},"30":{"start":{"line":73,"column":28},"end":{"line":75,"column":18}},"31":{"start":{"line":77,"column":6},"end":{"line":82,"column":7}},"32":{"start":{"line":78,"column":8},"end":{"line":78,"column":37}},"33":{"start":{"line":80,"column":8},"end":{"line":80,"column":26}},"34":{"start":{"line":81,"column":8},"end":{"line":81,"column":48}},"35":{"start":{"line":85,"column":25},"end":{"line":96,"column":3}},"36":{"start":{"line":86,"column":28},"end":{"line":88,"column":18}},"37":{"start":{"line":90,"column":6},"end":{"line":95,"column":7}},"38":{"start":{"line":91,"column":8},"end":{"line":91,"column":37}},"39":{"start":{"line":93,"column":8},"end":{"line":93,"column":27}},"40":{"start":{"line":94,"column":8},"end":{"line":94,"column":49}},"41":{"start":{"line":99,"column":27},"end":{"line":145,"column":3}},"42":{"start":{"line":100,"column":22},"end":{"line":102,"column":5}},"43":{"start":{"line":101,"column":13},"end":{"line":101,"column":64}},"44":{"start":{"line":104,"column":4},"end":{"line":107,"column":5}},"45":{"start":{"line":105,"column":6},"end":{"line":105,"column":55}},"46":{"start":{"line":106,"column":6},"end":{"line":106,"column":13}},"47":{"start":{"line":115,"column":25},"end":{"line":123,"column":5}},"48":{"start":{"line":125,"column":28},"end":{"line":129,"column":13}},"49":{"start":{"line":131,"column":4},"end":{"line":131,"column":30}},"50":{"start":{"line":132,"column":4},"end":{"line":132,"column":22}},"51":{"start":{"line":134,"column":4},"end":{"line":140,"column":5}},"52":{"start":{"line":135,"column":6},"end":{"line":135,"column":67}},"53":{"start":{"line":136,"column":6},"end":{"line":136,"column":46}},"54":{"start":{"line":138,"column":6},"end":{"line":138,"column":41}},"55":{"start":{"line":139,"column":6},"end":{"line":139,"column":49}},"56":{"start":{"line":147,"column":23},"end":{"line":216,"column":3}},"57":{"start":{"line":149,"column":17},"end":{"line":149,"column":90}},"58":{"start":{"line":149,"column":35},"end":{"line":149,"column":89}},"59":{"start":{"line":151,"column":4},"end":{"line":154,"column":5}},"60":{"start":{"line":152,"column":6},"end":{"line":152,"column":76}},"61":{"start":{"line":153,"column":6},"end":{"line":153,"column":13}},"62":{"start":{"line":156,"column":4},"end":{"line":159,"column":5}},"63":{"start":{"line":157,"column":6},"end":{"line":157,"column":77}},"64":{"start":{"line":158,"column":6},"end":{"line":158,"column":13}},"65":{"start":{"line":161,"column":28},"end":{"line":169,"column":6}},"66":{"start":{"line":162,"column":6},"end":{"line":162,"column":70}},"67":{"start":{"line":162,"column":57},"end":{"line":162,"column":70}},"68":{"start":{"line":163,"column":6},"end":{"line":163,"column":49}},"69":{"start":{"line":163,"column":36},"end":{"line":163,"column":49}},"70":{"start":{"line":165,"column":6},"end":{"line":168,"column":8}},"71":{"start":{"line":171,"column":4},"end":{"line":174,"column":5}},"72":{"start":{"line":172,"column":6},"end":{"line":172,"column":71}},"73":{"start":{"line":173,"column":6},"end":{"line":173,"column":13}},"74":{"start":{"line":183,"column":25},"end":{"line":194,"column":5}},"75":{"start":{"line":196,"column":28},"end":{"line":200,"column":13}},"76":{"start":{"line":202,"column":4},"end":{"line":202,"column":30}},"77":{"start":{"line":203,"column":4},"end":{"line":203,"column":22}},"78":{"start":{"line":205,"column":4},"end":{"line":211,"column":5}},"79":{"start":{"line":206,"column":6},"end":{"line":206,"column":69}},"80":{"start":{"line":207,"column":6},"end":{"line":207,"column":46}},"81":{"start":{"line":209,"column":6},"end":{"line":209,"column":39}},"82":{"start":{"line":210,"column":6},"end":{"line":210,"column":49}},"83":{"start":{"line":215,"column":4},"end":{"line":215,"column":25}},"84":{"start":{"line":218,"column":27},"end":{"line":266,"column":3}},"85":{"start":{"line":219,"column":20},"end":{"line":219,"column":68}},"86":{"start":{"line":219,"column":41},"end":{"line":219,"column":67}},"87":{"start":{"line":221,"column":4},"end":{"line":224,"column":5}},"88":{"start":{"line":222,"column":6},"end":{"line":222,"column":38}},"89":{"start":{"line":223,"column":6},"end":{"line":223,"column":13}},"90":{"start":{"line":226,"column":4},"end":{"line":229,"column":5}},"91":{"start":{"line":227,"column":6},"end":{"line":227,"column":67}},"92":{"start":{"line":228,"column":6},"end":{"line":228,"column":13}},"93":{"start":{"line":231,"column":4},"end":{"line":234,"column":5}},"94":{"start":{"line":232,"column":6},"end":{"line":232,"column":56}},"95":{"start":{"line":233,"column":6},"end":{"line":233,"column":13}},"96":{"start":{"line":246,"column":28},"end":{"line":251,"column":15}},"97":{"start":{"line":253,"column":4},"end":{"line":257,"column":5}},"98":{"start":{"line":254,"column":6},"end":{"line":254,"column":52}},"99":{"start":{"line":255,"column":6},"end":{"line":255,"column":39}},"100":{"start":{"line":256,"column":6},"end":{"line":256,"column":13}},"101":{"start":{"line":259,"column":25},"end":{"line":261,"column":5}},"102":{"start":{"line":260,"column":6},"end":{"line":260,"column":43}},"103":{"start":{"line":263,"column":4},"end":{"line":263,"column":30}},"104":{"start":{"line":264,"column":4},"end":{"line":264,"column":48}},"105":{"start":{"line":265,"column":4},"end":{"line":265,"column":25}},"106":{"start":{"line":269,"column":4},"end":{"line":326,"column":5}},"107":{"start":{"line":271,"column":8},"end":{"line":277,"column":10}},"108":{"start":{"line":280,"column":8},"end":{"line":280,"column":66}},"109":{"start":{"line":283,"column":8},"end":{"line":290,"column":10}},"110":{"start":{"line":293,"column":8},"end":{"line":300,"column":10}},"111":{"start":{"line":303,"column":8},"end":{"line":310,"column":10}},"112":{"start":{"line":313,"column":8},"end":{"line":313,"column":59}},"113":{"start":{"line":316,"column":8},"end":{"line":316,"column":100}},"114":{"start":{"line":319,"column":8},"end":{"line":325,"column":10}},"115":{"start":{"line":329,"column":2},"end":{"line":334,"column":4}}},"fnMap":{"0":{"name":"App","decl":{"start":{"line":15,"column":24},"end":{"line":15,"column":27}},"loc":{"start":{"line":15,"column":30},"end":{"line":335,"column":1}},"line":15},"1":{"name":"(anonymous_1)","decl":{"start":{"line":26,"column":12},"end":{"line":26,"column":13}},"loc":{"start":{"line":26,"column":18},"end":{"line":32,"column":3}},"line":26},"2":{"name":"(anonymous_2)","decl":{"start":{"line":34,"column":25},"end":{"line":34,"column":26}},"loc":{"start":{"line":34,"column":37},"end":{"line":44,"column":3}},"line":34},"3":{"name":"(anonymous_3)","decl":{"start":{"line":46,"column":21},"end":{"line":46,"column":22}},"loc":{"start":{"line":46,"column":33},"end":{"line":57,"column":3}},"line":46},"4":{"name":"(anonymous_4)","decl":{"start":{"line":59,"column":28},"end":{"line":59,"column":29}},"loc":{"start":{"line":59,"column":40},"end":{"line":70,"column":3}},"line":59},"5":{"name":"(anonymous_5)","decl":{"start":{"line":72,"column":24},"end":{"line":72,"column":25}},"loc":{"start":{"line":72,"column":36},"end":{"line":83,"column":3}},"line":72},"6":{"name":"(anonymous_6)","decl":{"start":{"line":85,"column":25},"end":{"line":85,"column":26}},"loc":{"start":{"line":85,"column":37},"end":{"line":96,"column":3}},"line":85},"7":{"name":"(anonymous_7)","decl":{"start":{"line":99,"column":27},"end":{"line":99,"column":28}},"loc":{"start":{"line":99,"column":51},"end":{"line":145,"column":3}},"line":99},"8":{"name":"(anonymous_8)","decl":{"start":{"line":101,"column":6},"end":{"line":101,"column":7}},"loc":{"start":{"line":101,"column":13},"end":{"line":101,"column":64}},"line":101},"9":{"name":"(anonymous_9)","decl":{"start":{"line":147,"column":23},"end":{"line":147,"column":24}},"loc":{"start":{"line":147,"column":45},"end":{"line":216,"column":3}},"line":147},"10":{"name":"(anonymous_10)","decl":{"start":{"line":149,"column":28},"end":{"line":149,"column":29}},"loc":{"start":{"line":149,"column":35},"end":{"line":149,"column":89}},"line":149},"11":{"name":"(anonymous_11)","decl":{"start":{"line":161,"column":42},"end":{"line":161,"column":43}},"loc":{"start":{"line":161,"column":49},"end":{"line":169,"column":5}},"line":161},"12":{"name":"(anonymous_12)","decl":{"start":{"line":218,"column":27},"end":{"line":218,"column":28}},"loc":{"start":{"line":218,"column":47},"end":{"line":266,"column":3}},"line":218},"13":{"name":"(anonymous_13)","decl":{"start":{"line":219,"column":34},"end":{"line":219,"column":35}},"loc":{"start":{"line":219,"column":41},"end":{"line":219,"column":67}},"line":219},"14":{"name":"(anonymous_14)","decl":{"start":{"line":259,"column":38},"end":{"line":259,"column":39}},"loc":{"start":{"line":260,"column":6},"end":{"line":260,"column":43}},"line":260},"15":{"name":"renderVista","decl":{"start":{"line":268,"column":11},"end":{"line":268,"column":22}},"loc":{"start":{"line":268,"column":25},"end":{"line":327,"column":3}},"line":268}},"branchMap":{"0":{"loc":{"start":{"line":39,"column":6},"end":{"line":43,"column":7}},"type":"if","locations":[{"start":{"line":39,"column":6},"end":{"line":43,"column":7}},{"start":{"line":41,"column":11},"end":{"line":43,"column":7}}],"line":39},"1":{"loc":{"start":{"line":51,"column":6},"end":{"line":56,"column":7}},"type":"if","locations":[{"start":{"line":51,"column":6},"end":{"line":56,"column":7}},{"start":{"line":53,"column":11},"end":{"line":56,"column":7}}],"line":51},"2":{"loc":{"start":{"line":64,"column":6},"end":{"line":69,"column":7}},"type":"if","locations":[{"start":{"line":64,"column":6},"end":{"line":69,"column":7}},{"start":{"line":66,"column":11},"end":{"line":69,"column":7}}],"line":64},"3":{"loc":{"start":{"line":77,"column":6},"end":{"line":82,"column":7}},"type":"if","locations":[{"start":{"line":77,"column":6},"end":{"line":82,"column":7}},{"start":{"line":79,"column":11},"end":{"line":82,"column":7}}],"line":77},"4":{"loc":{"start":{"line":90,"column":6},"end":{"line":95,"column":7}},"type":"if","locations":[{"start":{"line":90,"column":6},"end":{"line":95,"column":7}},{"start":{"line":92,"column":11},"end":{"line":95,"column":7}}],"line":90},"5":{"loc":{"start":{"line":104,"column":4},"end":{"line":107,"column":5}},"type":"if","locations":[{"start":{"line":104,"column":4},"end":{"line":107,"column":5}},{"start":{},"end":{}}],"line":104},"6":{"loc":{"start":{"line":134,"column":4},"end":{"line":140,"column":5}},"type":"if","locations":[{"start":{"line":134,"column":4},"end":{"line":140,"column":5}},{"start":{"line":137,"column":9},"end":{"line":140,"column":5}}],"line":134},"7":{"loc":{"start":{"line":151,"column":4},"end":{"line":154,"column":5}},"type":"if","locations":[{"start":{"line":151,"column":4},"end":{"line":154,"column":5}},{"start":{},"end":{}}],"line":151},"8":{"loc":{"start":{"line":156,"column":4},"end":{"line":159,"column":5}},"type":"if","locations":[{"start":{"line":156,"column":4},"end":{"line":159,"column":5}},{"start":{},"end":{}}],"line":156},"9":{"loc":{"start":{"line":162,"column":6},"end":{"line":162,"column":70}},"type":"if","locations":[{"start":{"line":162,"column":6},"end":{"line":162,"column":70}},{"start":{},"end":{}}],"line":162},"10":{"loc":{"start":{"line":163,"column":6},"end":{"line":163,"column":49}},"type":"if","locations":[{"start":{"line":163,"column":6},"end":{"line":163,"column":49}},{"start":{},"end":{}}],"line":163},"11":{"loc":{"start":{"line":166,"column":8},"end":{"line":167,"column":50}},"type":"binary-expr","locations":[{"start":{"line":166,"column":8},"end":{"line":166,"column":50}},{"start":{"line":167,"column":8},"end":{"line":167,"column":50}}],"line":166},"12":{"loc":{"start":{"line":171,"column":4},"end":{"line":174,"column":5}},"type":"if","locations":[{"start":{"line":171,"column":4},"end":{"line":174,"column":5}},{"start":{},"end":{}}],"line":171},"13":{"loc":{"start":{"line":205,"column":4},"end":{"line":211,"column":5}},"type":"if","locations":[{"start":{"line":205,"column":4},"end":{"line":211,"column":5}},{"start":{"line":208,"column":9},"end":{"line":211,"column":5}}],"line":205},"14":{"loc":{"start":{"line":221,"column":4},"end":{"line":224,"column":5}},"type":"if","locations":[{"start":{"line":221,"column":4},"end":{"line":224,"column":5}},{"start":{},"end":{}}],"line":221},"15":{"loc":{"start":{"line":226,"column":4},"end":{"line":229,"column":5}},"type":"if","locations":[{"start":{"line":226,"column":4},"end":{"line":229,"column":5}},{"start":{},"end":{}}],"line":226},"16":{"loc":{"start":{"line":231,"column":4},"end":{"line":234,"column":5}},"type":"if","locations":[{"start":{"line":231,"column":4},"end":{"line":234,"column":5}},{"start":{},"end":{}}],"line":231},"17":{"loc":{"start":{"line":253,"column":4},"end":{"line":257,"column":5}},"type":"if","locations":[{"start":{"line":253,"column":4},"end":{"line":257,"column":5}},{"start":{},"end":{}}],"line":253},"18":{"loc":{"start":{"line":260,"column":6},"end":{"line":260,"column":43}},"type":"cond-expr","locations":[{"start":{"line":260,"column":35},"end":{"line":260,"column":39}},{"start":{"line":260,"column":42},"end":{"line":260,"column":43}}],"line":260},"19":{"loc":{"start":{"line":269,"column":4},"end":{"line":326,"column":5}},"type":"switch","locations":[{"start":{"line":270,"column":6},"end":{"line":277,"column":10}},{"start":{"line":279,"column":6},"end":{"line":280,"column":66}},{"start":{"line":282,"column":6},"end":{"line":290,"column":10}},{"start":{"line":292,"column":6},"end":{"line":300,"column":10}},{"start":{"line":302,"column":6},"end":{"line":310,"column":10}},{"start":{"line":312,"column":6},"end":{"line":313,"column":59}},{"start":{"line":315,"column":6},"end":{"line":316,"column":100}},{"start":{"line":318,"column":6},"end":{"line":325,"column":10}}],"line":269}},"s":{"0":0,"1":0,"2":0,"3":0,"4":0,"5":0,"6":0,"7":0,"8":0,"9":0,"10":0,"11":0,"12":0,"13":0,"14":0,"15":0,"16":0,"17":0,"18":0,"19":0,"20":0,"21":0,"22":0,"23":0,"24":0,"25":0,"26":0,"27":0,"28":0,"29":0,"30":0,"31":0,"32":0,"33":0,"34":0,"35":0,"36":0,"37":0,"38":0,"39":0,"40":0,"41":0,"42":0,"43":0,"44":0,"45":0,"46":0,"47":0,"48":0,"49":0,"50":0,"51":0,"52":0,"53":0,"54":0,"55":0,"56":0,"57":0,"58":0,"59":0,"60":0,"61":0,"62":0,"63":0,"64":0,"65":0,"66":0,"67":0,"68":0,"69":0,"70":0,"71":0,"72":0,"73":0,"74":0,"75":0,"76":0,"77":0,"78":0,"79":0,"80":0,"81":0,"82":0,"83":0,"84":0,"85":0,"86":0,"87":0,"88":0,"89":0,"90":0,"91":0,"92":0,"93":0,"94":0,"95":0,"96":0,"97":0,"98":0,"99":0,"100":0,"101":0,"102":0,"103":0,"104":0,"105":0,"106":0,"107":0,"108":0,"109":0,"110":0,"111":0,"112":0,"113":0,"114":0,"115":0},"f":{"0":0,"1":0,"2":0,"3":0,"4":0,"5":0,"6":0,"7":0,"8":0,"9":0,"10":0,"11":0,"12":0,"13":0,"14":0,"15":0},"b":{"0":[0,0],"1":[0,0],"2":[0,0],"3":[0,0],"4":[0,0],"5":[0,0],"6":[0,0],"7":[0,0],"8":[0,0],"9":[0,0],"10":[0,0],"11":[0,0],"12":[0,0],"13":[0,0],"14":[0,0],"15":[0,0],"16":[0,0],"17":[0,0],"18":[0,0],"19":[0,0,0,0,0,0,0,0]}}
,"C:\\Users\\Hp\\Videos\\Taller\\HotelGit\\TallerDiseno2\\src\\components\\FormularioHuesped.jsx": {"path":"C:\\Users\\Hp\\Videos\\Taller\\HotelGit\\TallerDiseno2\\src\\components\\FormularioHuesped.jsx","statementMap":{"0":{"start":{"line":22,"column":38},"end":{"line":30,"column":4}},"1":{"start":{"line":33,"column":4},"end":{"line":36,"column":7}},"2":{"start":{"line":39,"column":17},"end":{"line":93,"column":3}},"3":{"start":{"line":40,"column":4},"end":{"line":40,"column":23}},"4":{"start":{"line":41,"column":4},"end":{"line":49,"column":5}},"5":{"start":{"line":47,"column":6},"end":{"line":47,"column":51}},"6":{"start":{"line":48,"column":6},"end":{"line":48,"column":13}},"7":{"start":{"line":53,"column":4},"end":{"line":53,"column":26}},"8":{"start":{"line":84,"column":4},"end":{"line":92,"column":7}},"9":{"start":{"line":121,"column":2},"end":{"line":199,"column":4}}},"fnMap":{"0":{"name":"FormularioHuesped","decl":{"start":{"line":4,"column":24},"end":{"line":4,"column":41}},"loc":{"start":{"line":4,"column":57},"end":{"line":200,"column":1}},"line":4},"1":{"name":"cambiar","decl":{"start":{"line":32,"column":11},"end":{"line":32,"column":18}},"loc":{"start":{"line":32,"column":22},"end":{"line":37,"column":3}},"line":32},"2":{"name":"(anonymous_2)","decl":{"start":{"line":39,"column":17},"end":{"line":39,"column":18}},"loc":{"start":{"line":39,"column":30},"end":{"line":93,"column":3}},"line":39}},"branchMap":{"0":{"loc":{"start":{"line":41,"column":4},"end":{"line":49,"column":5}},"type":"if","locations":[{"start":{"line":41,"column":4},"end":{"line":49,"column":5}},{"start":{},"end":{}}],"line":41},"1":{"loc":{"start":{"line":42,"column":6},"end":{"line":45,"column":24}},"type":"binary-expr","locations":[{"start":{"line":42,"column":6},"end":{"line":42,"column":32}},{"start":{"line":43,"column":6},"end":{"line":43,"column":33}},{"start":{"line":44,"column":6},"end":{"line":44,"column":26}},{"start":{"line":45,"column":6},"end":{"line":45,"column":24}}],"line":42}},"s":{"0":52,"1":49,"2":52,"3":2,"4":2,"5":1,"6":1,"7":1,"8":1,"9":52},"f":{"0":52,"1":49,"2":2},"b":{"0":[1,1],"1":[2,1,1,1]},"_coverageSchema":"1a1c01bbd47fc00a2c39e90264f33305004495a9","hash":"d2c09e5bec1c624fdeb7bb477cb2a2e80db10f57"}
,"C:\\Users\\Hp\\Videos\\Taller\\HotelGit\\TallerDiseno2\\src\\components\\FormularioReserva.jsx": {"path":"C:\\Users\\Hp\\Videos\\Taller\\HotelGit\\TallerDiseno2\\src\\components\\FormularioReserva.jsx","statementMap":{"0":{"start":{"line":9,"column":38},"end":{"line":16,"column":4}},"1":{"start":{"line":19,"column":4},"end":{"line":25,"column":7}},"2":{"start":{"line":28,"column":27},"end":{"line":30,"column":3}},"3":{"start":{"line":29,"column":11},"end":{"line":29,"column":71}},"4":{"start":{"line":32,"column":32},"end":{"line":35,"column":3}},"5":{"start":{"line":34,"column":11},"end":{"line":34,"column":71}},"6":{"start":{"line":38,"column":4},"end":{"line":38,"column":23}},"7":{"start":{"line":40,"column":4},"end":{"line":49,"column":5}},"8":{"start":{"line":47,"column":6},"end":{"line":47,"column":42}},"9":{"start":{"line":48,"column":6},"end":{"line":48,"column":13}},"10":{"start":{"line":52,"column":4},"end":{"line":59,"column":7}},"11":{"start":{"line":61,"column":4},"end":{"line":68,"column":7}},"12":{"start":{"line":71,"column":2},"end":{"line":170,"column":4}},"13":{"start":{"line":85,"column":14},"end":{"line":87,"column":23}},"14":{"start":{"line":101,"column":14},"end":{"line":103,"column":23}},"15":{"start":{"line":126,"column":14},"end":{"line":129,"column":23}}},"fnMap":{"0":{"name":"FormularioReserva","decl":{"start":{"line":3,"column":24},"end":{"line":3,"column":41}},"loc":{"start":{"line":8,"column":3},"end":{"line":171,"column":1}},"line":8},"1":{"name":"cambiar","decl":{"start":{"line":18,"column":11},"end":{"line":18,"column":18}},"loc":{"start":{"line":18,"column":22},"end":{"line":26,"column":3}},"line":18},"2":{"name":"(anonymous_2)","decl":{"start":{"line":29,"column":4},"end":{"line":29,"column":5}},"loc":{"start":{"line":29,"column":11},"end":{"line":29,"column":71}},"line":29},"3":{"name":"(anonymous_3)","decl":{"start":{"line":34,"column":4},"end":{"line":34,"column":5}},"loc":{"start":{"line":34,"column":11},"end":{"line":34,"column":71}},"line":34},"4":{"name":"enviar","decl":{"start":{"line":37,"column":11},"end":{"line":37,"column":17}},"loc":{"start":{"line":37,"column":21},"end":{"line":69,"column":3}},"line":37},"5":{"name":"(anonymous_5)","decl":{"start":{"line":84,"column":27},"end":{"line":84,"column":28}},"loc":{"start":{"line":85,"column":14},"end":{"line":87,"column":23}},"line":85},"6":{"name":"(anonymous_6)","decl":{"start":{"line":100,"column":23},"end":{"line":100,"column":24}},"loc":{"start":{"line":101,"column":14},"end":{"line":103,"column":23}},"line":101},"7":{"name":"(anonymous_7)","decl":{"start":{"line":125,"column":39},"end":{"line":125,"column":40}},"loc":{"start":{"line":126,"column":14},"end":{"line":129,"column":23}},"line":126}},"branchMap":{"0":{"loc":{"start":{"line":22,"column":8},"end":{"line":24,"column":26}},"type":"cond-expr","locations":[{"start":{"line":23,"column":12},"end":{"line":23,"column":34}},{"start":{"line":24,"column":12},"end":{"line":24,"column":26}}],"line":22},"1":{"loc":{"start":{"line":40,"column":4},"end":{"line":49,"column":5}},"type":"if","locations":[{"start":{"line":40,"column":4},"end":{"line":49,"column":5}},{"start":{},"end":{}}],"line":40},"2":{"loc":{"start":{"line":41,"column":6},"end":{"line":45,"column":29}},"type":"binary-expr","locations":[{"start":{"line":41,"column":6},"end":{"line":41,"column":27}},{"start":{"line":42,"column":6},"end":{"line":42,"column":34}},{"start":{"line":43,"column":6},"end":{"line":43,"column":30}},{"start":{"line":44,"column":6},"end":{"line":44,"column":30}},{"start":{"line":45,"column":6},"end":{"line":45,"column":29}}],"line":41},"3":{"loc":{"start":{"line":108,"column":9},"end":{"line":115,"column":9}},"type":"binary-expr","locations":[{"start":{"line":108,"column":9},"end":{"line":108,"column":25}},{"start":{"line":109,"column":10},"end":{"line":114,"column":16}}],"line":108}},"s":{"0":11,"1":8,"2":11,"3":13,"4":11,"5":13,"6":1,"7":1,"8":0,"9":0,"10":1,"11":1,"12":11,"13":11,"14":13,"15":7},"f":{"0":11,"1":8,"2":13,"3":13,"4":1,"5":11,"6":13,"7":7},"b":{"0":[2,6],"1":[0,1],"2":[1,1,1,1,1],"3":[11,7]},"_coverageSchema":"1a1c01bbd47fc00a2c39e90264f33305004495a9","hash":"10915502f3d52433dbbcfac816d387c8e0db9652"}
,"C:\\Users\\Hp\\Videos\\Taller\\HotelGit\\TallerDiseno2\\src\\components\\Inicio.jsx": {"path":"C:\\Users\\Hp\\Videos\\Taller\\HotelGit\\TallerDiseno2\\src\\components\\Inicio.jsx","statementMap":{"0":{"start":{"line":2,"column":26},"end":{"line":2,"column":80}},"1":{"start":{"line":2,"column":49},"end":{"line":2,"column":72}},"2":{"start":{"line":4,"column":2},"end":{"line":37,"column":4}}},"fnMap":{"0":{"name":"Inicio","decl":{"start":{"line":1,"column":24},"end":{"line":1,"column":30}},"loc":{"start":{"line":1,"column":67},"end":{"line":38,"column":1}},"line":1},"1":{"name":"(anonymous_1)","decl":{"start":{"line":2,"column":42},"end":{"line":2,"column":43}},"loc":{"start":{"line":2,"column":49},"end":{"line":2,"column":72}},"line":2}},"branchMap":{},"s":{"0":0,"1":0,"2":0},"f":{"0":0,"1":0},"b":{}}
,"C:\\Users\\Hp\\Videos\\Taller\\HotelGit\\TallerDiseno2\\src\\components\\ListaReservas.jsx": {"path":"C:\\Users\\Hp\\Videos\\Taller\\HotelGit\\TallerDiseno2\\src\\components\\ListaReservas.jsx","statementMap":{"0":{"start":{"line":2,"column":18},"end":{"line":2,"column":60}},"1":{"start":{"line":2,"column":40},"end":{"line":2,"column":59}},"2":{"start":{"line":3,"column":2},"end":{"line":3,"column":59}},"3":{"start":{"line":7,"column":21},"end":{"line":7,"column":69}},"4":{"start":{"line":7,"column":46},"end":{"line":7,"column":68}},"5":{"start":{"line":8,"column":2},"end":{"line":8,"column":70}},"6":{"start":{"line":12,"column":15},"end":{"line":12,"column":61}},"7":{"start":{"line":12,"column":33},"end":{"line":12,"column":60}},"8":{"start":{"line":13,"column":2},"end":{"line":13,"column":41}},"9":{"start":{"line":22,"column":14},"end":{"line":22,"column":52}},"10":{"start":{"line":24,"column":27},"end":{"line":26,"column":67}},"11":{"start":{"line":25,"column":19},"end":{"line":25,"column":40}},"12":{"start":{"line":26,"column":20},"end":{"line":26,"column":66}},"13":{"start":{"line":28,"column":2},"end":{"line":56,"column":4}},"14":{"start":{"line":37,"column":12},"end":{"line":51,"column":18}}},"fnMap":{"0":{"name":"obtenerNombreHuesped","decl":{"start":{"line":1,"column":9},"end":{"line":1,"column":29}},"loc":{"start":{"line":1,"column":45},"end":{"line":4,"column":1}},"line":1},"1":{"name":"(anonymous_1)","decl":{"start":{"line":2,"column":33},"end":{"line":2,"column":34}},"loc":{"start":{"line":2,"column":40},"end":{"line":2,"column":59}},"line":2},"2":{"name":"obtenerNumeroHabitacion","decl":{"start":{"line":6,"column":9},"end":{"line":6,"column":32}},"loc":{"start":{"line":6,"column":51},"end":{"line":9,"column":1}},"line":6},"3":{"name":"(anonymous_3)","decl":{"start":{"line":7,"column":39},"end":{"line":7,"column":40}},"loc":{"start":{"line":7,"column":46},"end":{"line":7,"column":68}},"line":7},"4":{"name":"obtenerTipoHabitacion","decl":{"start":{"line":11,"column":9},"end":{"line":11,"column":30}},"loc":{"start":{"line":11,"column":42},"end":{"line":14,"column":1}},"line":11},"5":{"name":"(anonymous_5)","decl":{"start":{"line":12,"column":26},"end":{"line":12,"column":27}},"loc":{"start":{"line":12,"column":33},"end":{"line":12,"column":60}},"line":12},"6":{"name":"ListaReservas","decl":{"start":{"line":16,"column":24},"end":{"line":16,"column":37}},"loc":{"start":{"line":21,"column":3},"end":{"line":57,"column":1}},"line":21},"7":{"name":"(anonymous_7)","decl":{"start":{"line":25,"column":12},"end":{"line":25,"column":13}},"loc":{"start":{"line":25,"column":19},"end":{"line":25,"column":40}},"line":25},"8":{"name":"(anonymous_8)","decl":{"start":{"line":26,"column":10},"end":{"line":26,"column":11}},"loc":{"start":{"line":26,"column":20},"end":{"line":26,"column":66}},"line":26},"9":{"name":"(anonymous_9)","decl":{"start":{"line":36,"column":32},"end":{"line":36,"column":33}},"loc":{"start":{"line":37,"column":12},"end":{"line":51,"column":18}},"line":37}},"branchMap":{"0":{"loc":{"start":{"line":3,"column":9},"end":{"line":3,"column":58}},"type":"cond-expr","locations":[{"start":{"line":3,"column":19},"end":{"line":3,"column":42}},{"start":{"line":3,"column":45},"end":{"line":3,"column":58}}],"line":3},"1":{"loc":{"start":{"line":8,"column":9},"end":{"line":8,"column":69}},"type":"cond-expr","locations":[{"start":{"line":8,"column":22},"end":{"line":8,"column":50}},{"start":{"line":8,"column":53},"end":{"line":8,"column":69}}],"line":8},"2":{"loc":{"start":{"line":13,"column":9},"end":{"line":13,"column":40}},"type":"cond-expr","locations":[{"start":{"line":13,"column":16},"end":{"line":13,"column":27}},{"start":{"line":13,"column":30},"end":{"line":13,"column":40}}],"line":13},"3":{"loc":{"start":{"line":32,"column":7},"end":{"line":54,"column":7}},"type":"cond-expr","locations":[{"start":{"line":33,"column":8},"end":{"line":33,"column":69}},{"start":{"line":35,"column":8},"end":{"line":53,"column":14}}],"line":32},"4":{"loc":{"start":{"line":49,"column":17},"end":{"line":49,"column":120}},"type":"binary-expr","locations":[{"start":{"line":49,"column":17},"end":{"line":49,"column":31}},{"start":{"line":49,"column":35},"end":{"line":49,"column":120}}],"line":49}},"s":{"0":0,"1":0,"2":0,"3":0,"4":0,"5":0,"6":0,"7":0,"8":0,"9":0,"10":0,"11":0,"12":0,"13":0,"14":0},"f":{"0":0,"1":0,"2":0,"3":0,"4":0,"5":0,"6":0,"7":0,"8":0,"9":0},"b":{"0":[0,0],"1":[0,0],"2":[0,0],"3":[0,0],"4":[0,0]}}
,"C:\\Users\\Hp\\Videos\\Taller\\HotelGit\\TallerDiseno2\\src\\components\\PantallaCheckIn.jsx": {"path":"C:\\Users\\Hp\\Videos\\Taller\\HotelGit\\TallerDiseno2\\src\\components\\PantallaCheckIn.jsx","statementMap":{"0":{"start":{"line":2,"column":18},"end":{"line":2,"column":60}},"1":{"start":{"line":2,"column":40},"end":{"line":2,"column":59}},"2":{"start":{"line":3,"column":2},"end":{"line":3,"column":59}},"3":{"start":{"line":7,"column":21},"end":{"line":7,"column":69}},"4":{"start":{"line":7,"column":46},"end":{"line":7,"column":68}},"5":{"start":{"line":8,"column":2},"end":{"line":8,"column":70}},"6":{"start":{"line":17,"column":22},"end":{"line":19,"column":3}},"7":{"start":{"line":18,"column":11},"end":{"line":18,"column":54}},"8":{"start":{"line":21,"column":2},"end":{"line":49,"column":4}},"9":{"start":{"line":30,"column":12},"end":{"line":44,"column":18}},"10":{"start":{"line":40,"column":31},"end":{"line":40,"column":54}}},"fnMap":{"0":{"name":"obtenerNombreHuesped","decl":{"start":{"line":1,"column":9},"end":{"line":1,"column":29}},"loc":{"start":{"line":1,"column":45},"end":{"line":4,"column":1}},"line":1},"1":{"name":"(anonymous_1)","decl":{"start":{"line":2,"column":33},"end":{"line":2,"column":34}},"loc":{"start":{"line":2,"column":40},"end":{"line":2,"column":59}},"line":2},"2":{"name":"obtenerNumeroHabitacion","decl":{"start":{"line":6,"column":9},"end":{"line":6,"column":32}},"loc":{"start":{"line":6,"column":51},"end":{"line":9,"column":1}},"line":6},"3":{"name":"(anonymous_3)","decl":{"start":{"line":7,"column":39},"end":{"line":7,"column":40}},"loc":{"start":{"line":7,"column":46},"end":{"line":7,"column":68}},"line":7},"4":{"name":"PantallaCheckIn","decl":{"start":{"line":11,"column":24},"end":{"line":11,"column":39}},"loc":{"start":{"line":16,"column":3},"end":{"line":50,"column":1}},"line":16},"5":{"name":"(anonymous_5)","decl":{"start":{"line":18,"column":4},"end":{"line":18,"column":5}},"loc":{"start":{"line":18,"column":11},"end":{"line":18,"column":54}},"line":18},"6":{"name":"(anonymous_6)","decl":{"start":{"line":29,"column":27},"end":{"line":29,"column":28}},"loc":{"start":{"line":30,"column":12},"end":{"line":44,"column":18}},"line":30},"7":{"name":"(anonymous_7)","decl":{"start":{"line":40,"column":25},"end":{"line":40,"column":26}},"loc":{"start":{"line":40,"column":31},"end":{"line":40,"column":54}},"line":40}},"branchMap":{"0":{"loc":{"start":{"line":3,"column":9},"end":{"line":3,"column":58}},"type":"cond-expr","locations":[{"start":{"line":3,"column":19},"end":{"line":3,"column":42}},{"start":{"line":3,"column":45},"end":{"line":3,"column":58}}],"line":3},"1":{"loc":{"start":{"line":8,"column":9},"end":{"line":8,"column":69}},"type":"cond-expr","locations":[{"start":{"line":8,"column":22},"end":{"line":8,"column":50}},{"start":{"line":8,"column":53},"end":{"line":8,"column":69}}],"line":8},"2":{"loc":{"start":{"line":18,"column":11},"end":{"line":18,"column":54}},"type":"binary-expr","locations":[{"start":{"line":18,"column":11},"end":{"line":18,"column":35}},{"start":{"line":18,"column":39},"end":{"line":18,"column":54}}],"line":18},"3":{"loc":{"start":{"line":25,"column":7},"end":{"line":47,"column":7}},"type":"cond-expr","locations":[{"start":{"line":26,"column":8},"end":{"line":26,"column":80}},{"start":{"line":28,"column":8},"end":{"line":46,"column":14}}],"line":25}},"s":{"0":1,"1":1,"2":1,"3":1,"4":1,"5":1,"6":1,"7":3,"8":1,"9":1,"10":1},"f":{"0":1,"1":1,"2":1,"3":1,"4":1,"5":3,"6":1,"7":1},"b":{"0":[1,0],"1":[1,0],"2":[3,2],"3":[0,1]},"_coverageSchema":"1a1c01bbd47fc00a2c39e90264f33305004495a9","hash":"f80ac0cf8c9249259cca18e4695a0e39136be026"}
,"C:\\Users\\Hp\\Videos\\Taller\\HotelGit\\TallerDiseno2\\src\\components\\PantallaConsultarHuesped.jsx": {"path":"C:\\Users\\Hp\\Videos\\Taller\\HotelGit\\TallerDiseno2\\src\\components\\PantallaConsultarHuesped.jsx","statementMap":{"0":{"start":{"line":5,"column":42},"end":{"line":5,"column":56}},"1":{"start":{"line":7,"column":2},"end":{"line":64,"column":4}},"2":{"start":{"line":15,"column":10},"end":{"line":60,"column":16}},"3":{"start":{"line":23,"column":31},"end":{"line":23,"column":112}},"4":{"start":{"line":40,"column":39},"end":{"line":40,"column":87}},"5":{"start":{"line":43,"column":44},"end":{"line":43,"column":92}},"6":{"start":{"line":44,"column":24},"end":{"line":49,"column":28}},"7":{"start":{"line":48,"column":82},"end":{"line":48,"column":133}},"8":{"start":{"line":48,"column":144},"end":{"line":48,"column":152}}},"fnMap":{"0":{"name":"PantallaConsultarHuesped","decl":{"start":{"line":4,"column":24},"end":{"line":4,"column":48}},"loc":{"start":{"line":4,"column":81},"end":{"line":65,"column":1}},"line":4},"1":{"name":"(anonymous_1)","decl":{"start":{"line":14,"column":22},"end":{"line":14,"column":23}},"loc":{"start":{"line":15,"column":10},"end":{"line":60,"column":16}},"line":15},"2":{"name":"(anonymous_2)","decl":{"start":{"line":23,"column":25},"end":{"line":23,"column":26}},"loc":{"start":{"line":23,"column":31},"end":{"line":23,"column":112}},"line":23},"3":{"name":"(anonymous_3)","decl":{"start":{"line":40,"column":34},"end":{"line":40,"column":35}},"loc":{"start":{"line":40,"column":39},"end":{"line":40,"column":87}},"line":40},"4":{"name":"(anonymous_4)","decl":{"start":{"line":43,"column":39},"end":{"line":43,"column":40}},"loc":{"start":{"line":43,"column":44},"end":{"line":43,"column":92}},"line":43},"5":{"name":"(anonymous_5)","decl":{"start":{"line":43,"column":98},"end":{"line":43,"column":99}},"loc":{"start":{"line":44,"column":24},"end":{"line":49,"column":28}},"line":44},"6":{"name":"(anonymous_6)","decl":{"start":{"line":48,"column":77},"end":{"line":48,"column":78}},"loc":{"start":{"line":48,"column":82},"end":{"line":48,"column":133}},"line":48},"7":{"name":"(anonymous_7)","decl":{"start":{"line":48,"column":139},"end":{"line":48,"column":140}},"loc":{"start":{"line":48,"column":144},"end":{"line":48,"column":152}},"line":48}},"branchMap":{"0":{"loc":{"start":{"line":11,"column":7},"end":{"line":62,"column":7}},"type":"cond-expr","locations":[{"start":{"line":12,"column":8},"end":{"line":12,"column":70}},{"start":{"line":14,"column":8},"end":{"line":61,"column":10}}],"line":11},"1":{"loc":{"start":{"line":23,"column":47},"end":{"line":23,"column":111}},"type":"cond-expr","locations":[{"start":{"line":23,"column":97},"end":{"line":23,"column":101}},{"start":{"line":23,"column":104},"end":{"line":23,"column":111}}],"line":23},"2":{"loc":{"start":{"line":25,"column":17},"end":{"line":25,"column":95}},"type":"cond-expr","locations":[{"start":{"line":25,"column":67},"end":{"line":25,"column":75}},{"start":{"line":25,"column":78},"end":{"line":25,"column":95}}],"line":25},"3":{"loc":{"start":{"line":29,"column":13},"end":{"line":58,"column":13}},"type":"binary-expr","locations":[{"start":{"line":29,"column":13},"end":{"line":29,"column":60}},{"start":{"line":30,"column":14},"end":{"line":57,"column":20}}],"line":29},"4":{"loc":{"start":{"line":40,"column":18},"end":{"line":53,"column":19}},"type":"binary-expr","locations":[{"start":{"line":40,"column":18},"end":{"line":40,"column":99}},{"start":{"line":41,"column":20},"end":{"line":52,"column":23}}],"line":40}},"s":{"0":3,"1":3,"2":3,"3":1,"4":0,"5":0,"6":0,"7":0,"8":0},"f":{"0":3,"1":3,"2":1,"3":0,"4":0,"5":0,"6":0,"7":0},"b":{"0":[0,3],"1":[0,1],"2":[2,1],"3":[3,2],"4":[2,0]},"_coverageSchema":"1a1c01bbd47fc00a2c39e90264f33305004495a9","hash":"1c716634e75074338266f24f831c46dd1e8e4c01"}
,"C:\\Users\\Hp\\Videos\\Taller\\HotelGit\\TallerDiseno2\\src\\components\\PantallaServicios.jsx": {"path":"C:\\Users\\Hp\\Videos\\Taller\\HotelGit\\TallerDiseno2\\src\\components\\PantallaServicios.jsx","statementMap":{"0":{"start":{"line":2,"column":2},"end":{"line":20,"column":4}},"1":{"start":{"line":11,"column":12},"end":{"line":15,"column":18}}},"fnMap":{"0":{"name":"PantallaServicios","decl":{"start":{"line":1,"column":24},"end":{"line":1,"column":41}},"loc":{"start":{"line":1,"column":57},"end":{"line":21,"column":1}},"line":1},"1":{"name":"(anonymous_1)","decl":{"start":{"line":10,"column":25},"end":{"line":10,"column":26}},"loc":{"start":{"line":11,"column":12},"end":{"line":15,"column":18}},"line":11}},"branchMap":{"0":{"loc":{"start":{"line":6,"column":7},"end":{"line":18,"column":7}},"type":"cond-expr","locations":[{"start":{"line":7,"column":8},"end":{"line":7,"column":70}},{"start":{"line":9,"column":8},"end":{"line":17,"column":14}}],"line":6}},"s":{"0":0,"1":0},"f":{"0":0,"1":0},"b":{"0":[0,0]}}
,"C:\\Users\\Hp\\Videos\\Taller\\HotelGit\\TallerDiseno2\\src\\components\\Sidebar.jsx": {"path":"C:\\Users\\Hp\\Videos\\Taller\\HotelGit\\TallerDiseno2\\src\\components\\Sidebar.jsx","statementMap":{"0":{"start":{"line":2,"column":2},"end":{"line":14,"column":4}},"1":{"start":{"line":6,"column":29},"end":{"line":6,"column":47}},"2":{"start":{"line":7,"column":29},"end":{"line":7,"column":57}},"3":{"start":{"line":8,"column":29},"end":{"line":8,"column":53}},"4":{"start":{"line":9,"column":29},"end":{"line":9,"column":49}},"5":{"start":{"line":10,"column":29},"end":{"line":10,"column":48}},"6":{"start":{"line":11,"column":29},"end":{"line":11,"column":50}},"7":{"start":{"line":12,"column":29},"end":{"line":12,"column":57}}},"fnMap":{"0":{"name":"Sidebar","decl":{"start":{"line":1,"column":24},"end":{"line":1,"column":31}},"loc":{"start":{"line":1,"column":46},"end":{"line":15,"column":1}},"line":1},"1":{"name":"(anonymous_1)","decl":{"start":{"line":6,"column":23},"end":{"line":6,"column":24}},"loc":{"start":{"line":6,"column":29},"end":{"line":6,"column":47}},"line":6},"2":{"name":"(anonymous_2)","decl":{"start":{"line":7,"column":23},"end":{"line":7,"column":24}},"loc":{"start":{"line":7,"column":29},"end":{"line":7,"column":57}},"line":7},"3":{"name":"(anonymous_3)","decl":{"start":{"line":8,"column":23},"end":{"line":8,"column":24}},"loc":{"start":{"line":8,"column":29},"end":{"line":8,"column":53}},"line":8},"4":{"name":"(anonymous_4)","decl":{"start":{"line":9,"column":23},"end":{"line":9,"column":24}},"loc":{"start":{"line":9,"column":29},"end":{"line":9,"column":49}},"line":9},"5":{"name":"(anonymous_5)","decl":{"start":{"line":10,"column":23},"end":{"line":10,"column":24}},"loc":{"start":{"line":10,"column":29},"end":{"line":10,"column":48}},"line":10},"6":{"name":"(anonymous_6)","decl":{"start":{"line":11,"column":23},"end":{"line":11,"column":24}},"loc":{"start":{"line":11,"column":29},"end":{"line":11,"column":50}},"line":11},"7":{"name":"(anonymous_7)","decl":{"start":{"line":12,"column":23},"end":{"line":12,"column":24}},"loc":{"start":{"line":12,"column":29},"end":{"line":12,"column":57}},"line":12}},"branchMap":{},"s":{"0":0,"1":0,"2":0,"3":0,"4":0,"5":0,"6":0,"7":0},"f":{"0":0,"1":0,"2":0,"3":0,"4":0,"5":0,"6":0,"7":0},"b":{}}
}
