{"C:\\Users\\Hp\\Videos\\Taller\\HotelGit\\TallerDiseno2\\src\\logica\\checkinLogica.js": {"path":"C:\\Users\\Hp\\Videos\\Taller\\HotelGit\\TallerDiseno2\\src\\logica\\checkinLogica.js","statementMap":{"0":{"start":{"line":4,"column":2},"end":{"line":6,"column":3}},"1":{"start":{"line":5,"column":4},"end":{"line":5,"column":17}},"2":{"start":{"line":8,"column":2},"end":{"line":10,"column":3}},"3":{"start":{"line":9,"column":4},"end":{"line":9,"column":17}},"4":{"start":{"line":12,"column":2},"end":{"line":14,"column":3}},"5":{"start":{"line":13,"column":4},"end":{"line":13,"column":17}},"6":{"start":{"line":16,"column":2},"end":{"line":16,"column":14}},"7":{"start":{"line":20,"column":2},"end":{"line":23,"column":4}}},"fnMap":{"0":{"name":"puedeHacerCheckIn","decl":{"start":{"line":3,"column":16},"end":{"line":3,"column":33}},"loc":{"start":{"line":3,"column":43},"end":{"line":17,"column":1}},"line":3},"1":{"name":"crearDatosCheckIn","decl":{"start":{"line":19,"column":16},"end":{"line":19,"column":33}},"loc":{"start":{"line":19,"column":61},"end":{"line":24,"column":1}},"line":19}},"branchMap":{"0":{"loc":{"start":{"line":4,"column":2},"end":{"line":6,"column":3}},"type":"if","locations":[{"start":{"line":4,"column":2},"end":{"line":6,"column":3}},{"start":{},"end":{}}],"line":4},"1":{"loc":{"start":{"line":8,"column":2},"end":{"line":10,"column":3}},"type":"if","locations":[{"start":{"line":8,"column":2},"end":{"line":10,"column":3}},{"start":{},"end":{}}],"line":8},"2":{"loc":{"start":{"line":12,"column":2},"end":{"line":14,"column":3}},"type":"if","locations":[{"start":{"line":12,"column":2},"end":{"line":14,"column":3}},{"start":{},"end":{}}],"line":12},"3":{"loc":{"start":{"line":19,"column":34},"end":{"line":19,"column":59}},"type":"default-arg","locations":[{"start":{"line":19,"column":49},"end":{"line":19,"column":59}}],"line":19}},"s":{"0":0,"1":0,"2":0,"3":0,"4":0,"5":0,"6":0,"7":1},"f":{"0":0,"1":1},"b":{"0":[0,0],"1":[0,0],"2":[0,0],"3":[0]},"_coverageSchema":"1a1c01bbd47fc00a2c39e90264f33305004495a9","hash":"e6b3b98cb1924b4e0d4daacb7ad78de5f75294e0"}
,"C:\\Users\\Hp\\Videos\\Taller\\HotelGit\\TallerDiseno2\\src\\logica\\estadoReserva.js": {"path":"C:\\Users\\Hp\\Videos\\Taller\\HotelGit\\TallerDiseno2\\src\\logica\\estadoReserva.js","statementMap":{"0":{"start":{"line":1,"column":31},"end":{"line":5,"column":1}}},"fnMap":{},"branchMap":{},"s":{"0":6},"f":{},"b":{},"_coverageSchema":"1a1c01bbd47fc00a2c39e90264f33305004495a9","hash":"ab329bcaa10a0b2fa7639d4e74c675e09d1a106b"}
,"C:\\Users\\Hp\\Videos\\Taller\\HotelGit\\TallerDiseno2\\src\\logica\\huespedLogica.js": {"path":"C:\\Users\\Hp\\Videos\\Taller\\HotelGit\\TallerDiseno2\\src\\logica\\huespedLogica.js","statementMap":{"0":{"start":{"line":2,"column":2},"end":{"line":4,"column":3}},"1":{"start":{"line":3,"column":4},"end":{"line":3,"column":17}},"2":{"start":{"line":6,"column":2},"end":{"line":8,"column":3}},"3":{"start":{"line":7,"column":4},"end":{"line":7,"column":17}},"4":{"start":{"line":10,"column":2},"end":{"line":10,"column":14}},"5":{"start":{"line":14,"column":2},"end":{"line":16,"column":4}},"6":{"start":{"line":15,"column":17},"end":{"line":15,"column":61}}},"fnMap":{"0":{"name":"validarDatosHuesped","decl":{"start":{"line":1,"column":16},"end":{"line":1,"column":35}},"loc":{"start":{"line":1,"column":45},"end":{"line":11,"column":1}},"line":1},"1":{"name":"existeDocumentoDuplicado","decl":{"start":{"line":13,"column":16},"end":{"line":13,"column":40}},"loc":{"start":{"line":13,"column":69},"end":{"line":17,"column":1}},"line":13},"2":{"name":"(anonymous_2)","decl":{"start":{"line":15,"column":4},"end":{"line":15,"column":5}},"loc":{"start":{"line":15,"column":17},"end":{"line":15,"column":61}},"line":15}},"branchMap":{"0":{"loc":{"start":{"line":2,"column":2},"end":{"line":4,"column":3}},"type":"if","locations":[{"start":{"line":2,"column":2},"end":{"line":4,"column":3}},{"start":{},"end":{}}],"line":2},"1":{"loc":{"start":{"line":6,"column":2},"end":{"line":8,"column":3}},"type":"if","locations":[{"start":{"line":6,"column":2},"end":{"line":8,"column":3}},{"start":{},"end":{}}],"line":6},"2":{"loc":{"start":{"line":6,"column":6},"end":{"line":6,"column":57}},"type":"binary-expr","locations":[{"start":{"line":6,"column":6},"end":{"line":6,"column":29}},{"start":{"line":6,"column":33},"end":{"line":6,"column":57}}],"line":6}},"s":{"0":0,"1":0,"2":0,"3":0,"4":0,"5":1,"6":1},"f":{"0":0,"1":1,"2":1},"b":{"0":[0,0],"1":[0,0],"2":[0,0]},"_coverageSchema":"1a1c01bbd47fc00a2c39e90264f33305004495a9","hash":"09f3eb854e6033b24da404c7924be15c940ca607"}
,"C:\\Users\\Hp\\Videos\\Taller\\HotelGit\\TallerDiseno2\\src\\logica\\reservaLogica.js": {"path":"C:\\Users\\Hp\\Videos\\Taller\\HotelGit\\TallerDiseno2\\src\\logica\\reservaLogica.js","statementMap":{"0":{"start":{"line":4,"column":2},"end":{"line":6,"column":3}},"1":{"start":{"line":5,"column":4},"end":{"line":5,"column":17}},"2":{"start":{"line":8,"column":18},"end":{"line":8,"column":40}},"3":{"start":{"line":9,"column":17},"end":{"line":9,"column":38}},"4":{"start":{"line":11,"column":2},"end":{"line":11,"column":26}},"5":{"start":{"line":15,"column":2},"end":{"line":17,"column":3}},"6":{"start":{"line":16,"column":4},"end":{"line":16,"column":17}},"7":{"start":{"line":19,"column":2},"end":{"line":19,"column":65}},"8":{"start":{"line":23,"column":2},"end":{"line":36,"column":5}},"9":{"start":{"line":24,"column":4},"end":{"line":26,"column":5}},"10":{"start":{"line":25,"column":6},"end":{"line":25,"column":19}},"11":{"start":{"line":28,"column":4},"end":{"line":30,"column":5}},"12":{"start":{"line":29,"column":6},"end":{"line":29,"column":19}},"13":{"start":{"line":32,"column":4},"end":{"line":35,"column":6}},"14":{"start":{"line":40,"column":2},"end":{"line":50,"column":4}},"15":{"start":{"line":54,"column":26},"end":{"line":54,"column":70}},"16":{"start":{"line":55,"column":21},"end":{"line":55,"column":64}},"17":{"start":{"line":57,"column":2},"end":{"line":57,"column":39}},"18":{"start":{"line":61,"column":2},"end":{"line":61,"column":77}},"19":{"start":{"line":65,"column":20},"end":{"line":65,"column":45}},"20":{"start":{"line":67,"column":2},"end":{"line":69,"column":35}},"21":{"start":{"line":68,"column":25},"end":{"line":68,"column":61}},"22":{"start":{"line":73,"column":2},"end":{"line":76,"column":4}},"23":{"start":{"line":75,"column":6},"end":{"line":75,"column":60}},"24":{"start":{"line":80,"column":2},"end":{"line":83,"column":4}},"25":{"start":{"line":82,"column":6},"end":{"line":82,"column":60}}},"fnMap":{"0":{"name":"validarFechasReserva","decl":{"start":{"line":3,"column":16},"end":{"line":3,"column":36}},"loc":{"start":{"line":3,"column":64},"end":{"line":12,"column":1}},"line":3},"1":{"name":"validarCapacidadReserva","decl":{"start":{"line":14,"column":16},"end":{"line":14,"column":39}},"loc":{"start":{"line":14,"column":79},"end":{"line":20,"column":1}},"line":14},"2":{"name":"existeSolapamientoReserva","decl":{"start":{"line":22,"column":16},"end":{"line":22,"column":41}},"loc":{"start":{"line":22,"column":66},"end":{"line":37,"column":1}},"line":22},"3":{"name":"(anonymous_3)","decl":{"start":{"line":23,"column":23},"end":{"line":23,"column":24}},"loc":{"start":{"line":23,"column":36},"end":{"line":36,"column":3}},"line":23},"4":{"name":"crearDatosReserva","decl":{"start":{"line":39,"column":16},"end":{"line":39,"column":33}},"loc":{"start":{"line":39,"column":48},"end":{"line":51,"column":1}},"line":39},"5":{"name":"esReservaVigente","decl":{"start":{"line":53,"column":9},"end":{"line":53,"column":25}},"loc":{"start":{"line":53,"column":46},"end":{"line":58,"column":1}},"line":53},"6":{"name":"compararPorFechaIngreso","decl":{"start":{"line":60,"column":9},"end":{"line":60,"column":32}},"loc":{"start":{"line":60,"column":53},"end":{"line":62,"column":1}},"line":60},"7":{"name":"obtenerReservasActivasYFuturas","decl":{"start":{"line":64,"column":16},"end":{"line":64,"column":46}},"loc":{"start":{"line":64,"column":74},"end":{"line":70,"column":1}},"line":64},"8":{"name":"(anonymous_8)","decl":{"start":{"line":68,"column":12},"end":{"line":68,"column":13}},"loc":{"start":{"line":68,"column":25},"end":{"line":68,"column":61}},"line":68},"9":{"name":"esTipoHabitacionValido","decl":{"start":{"line":72,"column":16},"end":{"line":72,"column":38}},"loc":{"start":{"line":72,"column":74},"end":{"line":77,"column":1}},"line":72},"10":{"name":"(anonymous_10)","decl":{"start":{"line":74,"column":4},"end":{"line":74,"column":5}},"loc":{"start":{"line":75,"column":6},"end":{"line":75,"column":60}},"line":75},"11":{"name":"obtenerTipoHabitacionSeleccionado","decl":{"start":{"line":79,"column":16},"end":{"line":79,"column":49}},"loc":{"start":{"line":79,"column":85},"end":{"line":84,"column":1}},"line":79},"12":{"name":"(anonymous_12)","decl":{"start":{"line":81,"column":4},"end":{"line":81,"column":5}},"loc":{"start":{"line":82,"column":6},"end":{"line":82,"column":60}},"line":82}},"branchMap":{"0":{"loc":{"start":{"line":4,"column":2},"end":{"line":6,"column":3}},"type":"if","locations":[{"start":{"line":4,"column":2},"end":{"line":6,"column":3}},{"start":{},"end":{}}],"line":4},"1":{"loc":{"start":{"line":4,"column":6},"end":{"line":4,"column":35}},"type":"binary-expr","locations":[{"start":{"line":4,"column":6},"end":{"line":4,"column":19}},{"start":{"line":4,"column":23},"end":{"line":4,"column":35}}],"line":4},"2":{"loc":{"start":{"line":15,"column":2},"end":{"line":17,"column":3}},"type":"if","locations":[{"start":{"line":15,"column":2},"end":{"line":17,"column":3}},{"start":{},"end":{}}],"line":15},"3":{"loc":{"start":{"line":15,"column":6},"end":{"line":15,"column":47}},"type":"binary-expr","locations":[{"start":{"line":15,"column":6},"end":{"line":15,"column":23}},{"start":{"line":15,"column":27},"end":{"line":15,"column":47}}],"line":15},"4":{"loc":{"start":{"line":24,"column":4},"end":{"line":26,"column":5}},"type":"if","locations":[{"start":{"line":24,"column":4},"end":{"line":26,"column":5}},{"start":{},"end":{}}],"line":24},"5":{"loc":{"start":{"line":28,"column":4},"end":{"line":30,"column":5}},"type":"if","locations":[{"start":{"line":28,"column":4},"end":{"line":30,"column":5}},{"start":{},"end":{}}],"line":28},"6":{"loc":{"start":{"line":33,"column":6},"end":{"line":34,"column":54}},"type":"binary-expr","locations":[{"start":{"line":33,"column":6},"end":{"line":33,"column":54}},{"start":{"line":34,"column":6},"end":{"line":34,"column":54}}],"line":33},"7":{"loc":{"start":{"line":57,"column":9},"end":{"line":57,"column":38}},"type":"binary-expr","locations":[{"start":{"line":57,"column":9},"end":{"line":57,"column":24}},{"start":{"line":57,"column":28},"end":{"line":57,"column":38}}],"line":57}},"s":{"0":1,"1":0,"2":1,"3":1,"4":1,"5":1,"6":0,"7":1,"8":1,"9":1,"10":0,"11":1,"12":0,"13":1,"14":0,"15":4,"16":4,"17":4,"18":1,"19":1,"20":1,"21":4,"22":1,"23":2,"24":0,"25":0},"f":{"0":1,"1":1,"2":1,"3":1,"4":0,"5":4,"6":1,"7":1,"8":4,"9":1,"10":2,"11":0,"12":0},"b":{"0":[0,1],"1":[1,1],"2":[0,1],"3":[1,1],"4":[0,1],"5":[0,1],"6":[1,1],"7":[4,3]},"_coverageSchema":"1a1c01bbd47fc00a2c39e90264f33305004495a9","hash":"fe04d6b73602da4e41d01e3d0ab432ff2b64ad09"}
}
