TN:
SF:src\utilidades\constantesCalendario.js
FNF:0
FNH:0
DA:1,8
DA:2,8
LF:2
LH:2
BRF:0
BRH:0
end_of_record
TN:
SF:src\utilidades\mensajesCalendario.js
FNF:0
FNH:0
DA:1,8
LF:1
LH:1
BRF:0
BRH:0
end_of_record
TN:
SF:src\utilidades\utilidadesCalendario.js
FN:8,generarHorarios
FN:21,crearFechaHora
FN:25,convertirAFecha
FN:29,hayCruce
FN:34,horarioEstaLibre
FN:43,(anonymous_5)
FN:44,(anonymous_6)
FN:54,obtenerHorariosInicioDisponibles
FN:60,(anonymous_8)
FN:63,(anonymous_9)
FN:69,obtenerHorariosFinDisponibles
FN:88,(anonymous_11)
FN:93,normalizarTexto
FN:101,coincideConPaciente
FN:109,coincideConFecha
FN:117,filtrarCitas
FN:120,(anonymous_16)
FN:125,validarSolicitudCita
FN:152,reprogramarCitaEnLista
FN:153,(anonymous_19)
FN:165,mismoId
FNF:21
FNH:18
FNDA:2,generarHorarios
FNDA:16,crearFechaHora
FNDA:26,convertirAFecha
FNDA:7,hayCruce
FNDA:8,horarioEstaLibre
FNDA:8,(anonymous_5)
FNDA:7,(anonymous_6)
FNDA:0,obtenerHorariosInicioDisponibles
FNDA:0,(anonymous_8)
FNDA:0,(anonymous_9)
FNDA:1,obtenerHorariosFinDisponibles
FNDA:4,(anonymous_11)
FNDA:3,normalizarTexto
FNDA:2,coincideConPaciente
FNDA:1,coincideConFecha
FNDA:1,filtrarCitas
FNDA:2,(anonymous_16)
FNDA:1,validarSolicitudCita
FNDA:1,reprogramarCitaEnLista
FNDA:1,(anonymous_19)
FNDA:1,mismoId
DA:9,2
DA:11,2
DA:12,14
DA:13,14
DA:16,2
DA:18,2
DA:22,16
DA:26,26
DA:30,7
DA:35,8
DA:36,8
DA:38,8
DA:39,0
DA:42,8
DA:43,8
DA:45,7
DA:60,0
DA:61,0
DA:64,0
DA:76,1
DA:77,0
DA:80,1
DA:82,1
DA:83,0
DA:86,1
DA:89,4
DA:94,3
DA:95,0
DA:98,3
DA:102,2
DA:103,0
DA:106,2
DA:110,1
DA:111,1
DA:114,0
DA:118,1
DA:120,1
DA:121,2
DA:132,1
DA:133,0
DA:139,1
DA:140,1
DA:146,0
DA:153,1
DA:154,1
DA:155,1
DA:161,0
DA:166,1
LF:48
LH:36
BRDA:8,0,0,1
BRDA:8,1,0,1
BRDA:26,2,0,13
BRDA:26,2,1,13
BRDA:30,3,0,7
BRDA:30,3,1,6
BRDA:34,4,0,2
BRDA:38,5,0,0
BRDA:38,5,1,8
BRDA:57,6,0,0
BRDA:58,7,0,0
BRDA:73,8,0,0
BRDA:74,9,0,1
BRDA:76,10,0,0
BRDA:76,10,1,1
BRDA:82,11,0,0
BRDA:82,11,1,1
BRDA:94,12,0,0
BRDA:94,12,1,3
BRDA:94,13,0,3
BRDA:94,13,1,3
BRDA:102,14,0,0
BRDA:102,14,1,2
BRDA:110,15,0,1
BRDA:110,15,1,0
BRDA:117,16,0,0
BRDA:121,17,0,2
BRDA:121,17,1,1
BRDA:130,18,0,1
BRDA:132,19,0,0
BRDA:132,19,1,1
BRDA:132,20,0,1
BRDA:132,20,1,1
BRDA:139,21,0,1
BRDA:139,21,1,0
BRDA:154,22,0,1
BRDA:154,22,1,0
BRF:37
BRH:24
end_of_record
