TN:
SF:src\logica\checkinLogica.js
FN:1,puedeHacerCheckIn
FNF:1
FNH:0
FNDA:0,puedeHacerCheckIn
DA:2,0
DA:3,0
DA:6,0
DA:7,0
DA:10,0
DA:11,0
DA:14,0
LF:7
LH:0
BRDA:2,0,0,0
BRDA:2,0,1,0
BRDA:6,1,0,0
BRDA:6,1,1,0
BRDA:10,2,0,0
BRDA:10,2,1,0
BRF:6
BRH:0
end_of_record
TN:
SF:src\logica\huespedLogica.js
FN:1,validarDatosHuesped
FN:13,existeDocumentoDuplicado
FN:15,(anonymous_2)
FNF:3
FNH:2
FNDA:0,validarDatosHuesped
FNDA:1,existeDocumentoDuplicado
FNDA:1,(anonymous_2)
DA:2,0
DA:3,0
DA:6,0
DA:7,0
DA:10,0
DA:14,1
DA:15,1
LF:7
LH:2
BRDA:2,0,0,0
BRDA:2,0,1,0
BRDA:6,1,0,0
BRDA:6,1,1,0
BRDA:6,2,0,0
BRDA:6,2,1,0
BRF:6
BRH:0
end_of_record
TN:
SF:src\logica\reservaLogica.js
FN:1,validarFechasReserva
FN:12,validarCapacidadReserva
FN:20,existeSolapamientoReserva
FN:21,(anonymous_3)
FN:37,crearDatosReserva
FNF:5
FNH:4
FNDA:1,validarFechasReserva
FNDA:1,validarCapacidadReserva
FNDA:1,existeSolapamientoReserva
FNDA:1,(anonymous_3)
FNDA:0,crearDatosReserva
DA:2,1
DA:3,0
DA:6,1
DA:7,1
DA:9,1
DA:13,1
DA:14,0
DA:17,1
DA:21,1
DA:22,1
DA:23,0
DA:26,1
DA:27,0
DA:30,1
DA:38,0
LF:15
LH:10
BRDA:2,0,0,0
BRDA:2,0,1,1
BRDA:2,1,0,1
BRDA:2,1,1,1
BRDA:13,2,0,0
BRDA:13,2,1,1
BRDA:13,3,0,1
BRDA:13,3,1,1
BRDA:22,4,0,0
BRDA:22,4,1,1
BRDA:26,5,0,0
BRDA:26,5,1,1
BRDA:31,6,0,1
BRDA:31,6,1,1
BRF:14
BRH:10
end_of_record
